<?xml version="1.0" encoding="UTF-8"?>
<!-- Generated by org.testng.reporters.JUnitXMLReporter -->
<testsuite ignored="0" hostname="VAISEKAR-M-W8MH" failures="0" tests="5" name="Default test" time="8.815" errors="0" timestamp="2023-05-22T17:41:17 IST">
  <testcase classname="postman.verify_post_get_put_del" name="createResource" time="2.834"/>
  <testcase classname="postman.verify_post_get_put_del" name="getResourceInfo" time="1.404"/>
  <testcase classname="postman.verify_post_get_put_del" name="updateResource" time="1.479"/>
  <testcase classname="postman.verify_post_get_put_del" name="verifyResourceUpdated" time="1.324"/>
  <testcase classname="postman.verify_post_get_put_del" name="deleteResource" time="1.344"/>
</testsuite> <!-- Default test -->
