<?xml version="1.0" encoding="UTF-8"?>
<testng-results ignored="0" total="5" passed="5" failed="0" skipped="0">
  <reporter-output>
  </reporter-output>
  <suite started-at="2023-05-22T17:41:08 IST" name="Default suite" finished-at="2023-05-22T17:41:17 IST" duration-ms="8815">
    <groups>
    </groups>
    <test started-at="2023-05-22T17:41:08 IST" name="Default test" finished-at="2023-05-22T17:41:17 IST" duration-ms="8815">
      <class name="postman.verify_post_get_put_del">
        <test-method is-config="true" signature="createpPayLoad()[pri:0, instance:postman.verify_post_get_put_del@41488b16]" started-at="2023-05-22T17:41:08 IST" name="createpPayLoad" finished-at="2023-05-22T17:41:08 IST" duration-ms="400" status="PASS">
          <reporter-output>
          </reporter-output>
        </test-method> <!-- createpPayLoad -->
        <test-method signature="createResource()[pri:0, instance:postman.verify_post_get_put_del@41488b16]" started-at="2023-05-22T17:41:08 IST" name="createResource" finished-at="2023-05-22T17:41:11 IST" duration-ms="2834" status="PASS">
          <reporter-output>
          </reporter-output>
        </test-method> <!-- createResource -->
        <test-method signature="getResourceInfo()[pri:1, instance:postman.verify_post_get_put_del@41488b16]" started-at="2023-05-22T17:41:11 IST" name="getResourceInfo" finished-at="2023-05-22T17:41:13 IST" duration-ms="1404" status="PASS">
          <reporter-output>
          </reporter-output>
        </test-method> <!-- getResourceInfo -->
        <test-method signature="updateResource()[pri:2, instance:postman.verify_post_get_put_del@41488b16]" started-at="2023-05-22T17:41:13 IST" name="updateResource" finished-at="2023-05-22T17:41:14 IST" duration-ms="1479" status="PASS">
          <reporter-output>
          </reporter-output>
        </test-method> <!-- updateResource -->
        <test-method signature="verifyResourceUpdated()[pri:3, instance:postman.verify_post_get_put_del@41488b16]" started-at="2023-05-22T17:41:14 IST" name="verifyResourceUpdated" finished-at="2023-05-22T17:41:15 IST" duration-ms="1324" status="PASS">
          <reporter-output>
          </reporter-output>
        </test-method> <!-- verifyResourceUpdated -->
        <test-method signature="deleteResource()[pri:4, instance:postman.verify_post_get_put_del@41488b16]" started-at="2023-05-22T17:41:15 IST" name="deleteResource" finished-at="2023-05-22T17:41:17 IST" duration-ms="1344" status="PASS">
          <reporter-output>
          </reporter-output>
        </test-method> <!-- deleteResource -->
      </class> <!-- postman.verify_post_get_put_del -->
    </test> <!-- Default test -->
  </suite> <!-- Default suite -->
</testng-results>
